Arguments: 
  /usr/local/bin/node /usr/share/yarn/bin/yarn.js add bootstrap

PATH: 
  /home/jessetatum/bin:/home/jessetatum/.local/bin:/usr/local/sbin:/usr/local/bin:/usr/sbin:/usr/bin:/sbin:/bin:/usr/games:/usr/local/games:/home/jessetatum/.rvm/bin:/home/jessetatum/.rvm/bin

Yarn version: 
  1.9.2

Node version: 
  10.8.0

Platform: 
  linux x64

Trace: 
  Error: EACCES: permission denied, unlink '/home/jessetatum/Documents/projects/bibtable/node_modules/bootstrap/package.json'

npm manifest: 
  {
    "name": "bibtable",
    "version": "1.0.0",
    "description": "Display collections from Zotero in tables",
    "main": "index.js",
    "repository": "git@github.com:wc-library/bibtable.git",
    "author": "Jesse Tatum",
    "license": "MIT",
    "dependencies": {
      "bootstrap": "^4.1.3",
      "jquery": "^3.3.1",
      "node": "^10.7.0",
      "popper.js": "^1.14.3"
    }
  }

yarn manifest: 
  No manifest

Lockfile: 
  # THIS IS AN AUTOGENERATED FILE. DO NOT EDIT THIS FILE DIRECTLY.
  # yarn lockfile v1
  
  
  bootstrap@^4.1.3:
    version "4.1.3"
    resolved "https://registry.yarnpkg.com/bootstrap/-/bootstrap-4.1.3.tgz#0eb371af2c8448e8c210411d0cb824a6409a12be"
  
  jquery@^3.3.1:
    version "3.3.1"
    resolved "https://registry.yarnpkg.com/jquery/-/jquery-3.3.1.tgz#958ce29e81c9790f31be7792df5d4d95fc57fbca"
  
  node-bin-setup@^1.0.0:
    version "1.0.6"
    resolved "https://registry.yarnpkg.com/node-bin-setup/-/node-bin-setup-1.0.6.tgz#4b5c9bb937ece702d7069b36ca78af4684677528"
  
  node@^10.7.0:
    version "10.7.0"
    resolved "https://registry.yarnpkg.com/node/-/node-10.7.0.tgz#6d3cf612232c901b3c0605c1ce755117203f08e7"
    dependencies:
      node-bin-setup "^1.0.0"
